
[2025-12-05T10:18:21.405Z] [Service] createRequestAccept
Message: column "eta" of relation "REQUEST_ACCEPTS" does not exist
SQL Details:
  code: 42703
Stack: error: column "eta" of relation "REQUEST_ACCEPTS" does not exist
    at /Users/jakehu/Desktop/DB-Project/backend/node_modules/pg-pool/index.js:45:11
    at process.processTicksAndRejections (node:internal/process/task_queues:103:5)
    at async createRequestAccept (file:///Users/jakehu/Desktop/DB-Project/backend/services/request_accepts.js:19:22)
    at async Module.createBulkRequestAccepts (file:///Users/jakehu/Desktop/DB-Project/backend/services/request_accepts.js:133:23)
    at async file:///Users/jakehu/Desktop/DB-Project/backend/routes/request_accepts.js:11:20
----------------------------------------
[2025-12-05T10:18:21.406Z] [Service] createBulkRequestAccepts
Message: column "eta" of relation "REQUEST_ACCEPTS" does not exist
SQL Details:
  code: 42703
Stack: error: column "eta" of relation "REQUEST_ACCEPTS" does not exist
    at /Users/jakehu/Desktop/DB-Project/backend/node_modules/pg-pool/index.js:45:11
    at process.processTicksAndRejections (node:internal/process/task_queues:103:5)
    at async createRequestAccept (file:///Users/jakehu/Desktop/DB-Project/backend/services/request_accepts.js:19:22)
    at async Module.createBulkRequestAccepts (file:///Users/jakehu/Desktop/DB-Project/backend/services/request_accepts.js:133:23)
    at async file:///Users/jakehu/Desktop/DB-Project/backend/routes/request_accepts.js:11:20
----------------------------------------
[2025-12-05T10:18:21.406Z] [Route] POST /request-accepts/bulk
Message: column "eta" of relation "REQUEST_ACCEPTS" does not exist
SQL Details:
  code: 42703
Stack: error: column "eta" of relation "REQUEST_ACCEPTS" does not exist
    at /Users/jakehu/Desktop/DB-Project/backend/node_modules/pg-pool/index.js:45:11
    at process.processTicksAndRejections (node:internal/process/task_queues:103:5)
    at async createRequestAccept (file:///Users/jakehu/Desktop/DB-Project/backend/services/request_accepts.js:19:22)
    at async Module.createBulkRequestAccepts (file:///Users/jakehu/Desktop/DB-Project/backend/services/request_accepts.js:133:23)
    at async file:///Users/jakehu/Desktop/DB-Project/backend/routes/request_accepts.js:11:20
----------------------------------------
[2025-12-05T10:44:43.158Z] [Service] createInventory
Message: duplicate key value violates unique constraint "INVENTORIES_pkey"
SQL Details:
  code: 23505
  detail: Key (inventory_id)=(7) already exists.
  schema: public
  table: INVENTORIES
  constraint: INVENTORIES_pkey
Stack: error: duplicate key value violates unique constraint "INVENTORIES_pkey"
    at /Users/jakehu/Desktop/DB-Project/backend/node_modules/pg/lib/client.js:545:17
    at process.processTicksAndRejections (node:internal/process/task_queues:103:5)
    at async Module.createInventory (file:///Users/jakehu/Desktop/DB-Project/backend/services/inventories.js:28:29)
    at async file:///Users/jakehu/Desktop/DB-Project/backend/routes/inventories.js:26:20
----------------------------------------
[2025-12-05T10:45:47.371Z] [Service] createInventory
Message: duplicate key value violates unique constraint "INVENTORIES_pkey"
SQL Details:
  code: 23505
  detail: Key (inventory_id)=(8) already exists.
  schema: public
  table: INVENTORIES
  constraint: INVENTORIES_pkey
Stack: error: duplicate key value violates unique constraint "INVENTORIES_pkey"
    at /Users/jakehu/Desktop/DB-Project/backend/node_modules/pg/lib/client.js:545:17
    at process.processTicksAndRejections (node:internal/process/task_queues:103:5)
    at async Module.createInventory (file:///Users/jakehu/Desktop/DB-Project/backend/services/inventories.js:28:29)
    at async file:///Users/jakehu/Desktop/DB-Project/backend/routes/inventories.js:26:20
----------------------------------------
[2025-12-05T10:47:24.451Z] [Service] createInventory
Message: duplicate key value violates unique constraint "INVENTORIES_pkey"
SQL Details:
  code: 23505
  detail: Key (inventory_id)=(9) already exists.
  schema: public
  table: INVENTORIES
  constraint: INVENTORIES_pkey
Stack: error: duplicate key value violates unique constraint "INVENTORIES_pkey"
    at /Users/jakehu/Desktop/DB-Project/backend/node_modules/pg/lib/client.js:545:17
    at process.processTicksAndRejections (node:internal/process/task_queues:103:5)
    at async Module.createInventory (file:///Users/jakehu/Desktop/DB-Project/backend/services/inventories.js:28:29)
    at async file:///Users/jakehu/Desktop/DB-Project/backend/routes/inventories.js:26:20
----------------------------------------
[2025-12-05T10:47:31.960Z] [Service] createInventory
Message: duplicate key value violates unique constraint "INVENTORIES_pkey"
SQL Details:
  code: 23505
  detail: Key (inventory_id)=(10) already exists.
  schema: public
  table: INVENTORIES
  constraint: INVENTORIES_pkey
Stack: error: duplicate key value violates unique constraint "INVENTORIES_pkey"
    at /Users/jakehu/Desktop/DB-Project/backend/node_modules/pg/lib/client.js:545:17
    at process.processTicksAndRejections (node:internal/process/task_queues:103:5)
    at async Module.createInventory (file:///Users/jakehu/Desktop/DB-Project/backend/services/inventories.js:28:29)
    at async file:///Users/jakehu/Desktop/DB-Project/backend/routes/inventories.js:26:20
----------------------------------------
[2025-12-05T10:47:33.572Z] [Service] createInventory
Message: duplicate key value violates unique constraint "INVENTORIES_pkey"
SQL Details:
  code: 23505
  detail: Key (inventory_id)=(11) already exists.
  schema: public
  table: INVENTORIES
  constraint: INVENTORIES_pkey
Stack: error: duplicate key value violates unique constraint "INVENTORIES_pkey"
    at /Users/jakehu/Desktop/DB-Project/backend/node_modules/pg/lib/client.js:545:17
    at process.processTicksAndRejections (node:internal/process/task_queues:103:5)
    at async Module.createInventory (file:///Users/jakehu/Desktop/DB-Project/backend/services/inventories.js:28:29)
    at async file:///Users/jakehu/Desktop/DB-Project/backend/routes/inventories.js:26:20
----------------------------------------
[2025-12-05T10:47:35.704Z] [Service] createInventory
Message: duplicate key value violates unique constraint "INVENTORIES_pkey"
SQL Details:
  code: 23505
  detail: Key (inventory_id)=(12) already exists.
  schema: public
  table: INVENTORIES
  constraint: INVENTORIES_pkey
Stack: error: duplicate key value violates unique constraint "INVENTORIES_pkey"
    at /Users/jakehu/Desktop/DB-Project/backend/node_modules/pg/lib/client.js:545:17
    at process.processTicksAndRejections (node:internal/process/task_queues:103:5)
    at async Module.createInventory (file:///Users/jakehu/Desktop/DB-Project/backend/services/inventories.js:28:29)
    at async file:///Users/jakehu/Desktop/DB-Project/backend/routes/inventories.js:26:20
----------------------------------------
[2025-12-05T10:47:37.462Z] [Service] createInventory
Message: duplicate key value violates unique constraint "INVENTORIES_pkey"
SQL Details:
  code: 23505
  detail: Key (inventory_id)=(13) already exists.
  schema: public
  table: INVENTORIES
  constraint: INVENTORIES_pkey
Stack: error: duplicate key value violates unique constraint "INVENTORIES_pkey"
    at /Users/jakehu/Desktop/DB-Project/backend/node_modules/pg/lib/client.js:545:17
    at process.processTicksAndRejections (node:internal/process/task_queues:103:5)
    at async Module.createInventory (file:///Users/jakehu/Desktop/DB-Project/backend/services/inventories.js:28:29)
    at async file:///Users/jakehu/Desktop/DB-Project/backend/routes/inventories.js:26:20
----------------------------------------
[2025-12-05T10:47:39.981Z] [Service] createInventory
Message: duplicate key value violates unique constraint "INVENTORIES_pkey"
SQL Details:
  code: 23505
  detail: Key (inventory_id)=(14) already exists.
  schema: public
  table: INVENTORIES
  constraint: INVENTORIES_pkey
Stack: error: duplicate key value violates unique constraint "INVENTORIES_pkey"
    at /Users/jakehu/Desktop/DB-Project/backend/node_modules/pg/lib/client.js:545:17
    at process.processTicksAndRejections (node:internal/process/task_queues:103:5)
    at async Module.createInventory (file:///Users/jakehu/Desktop/DB-Project/backend/services/inventories.js:28:29)
    at async file:///Users/jakehu/Desktop/DB-Project/backend/routes/inventories.js:26:20
----------------------------------------